2017-05-11 14:56:10,784 [Thread-9] ERROR org.eclipse.jgit.util.FS - dyld: Library not loaded: @rpath/XCTest.framework/Versions/A/XCTest
  Referenced from: /Applications/Xcode-beta 2.app/Contents/Frameworks/IDEFoundation.framework/Versions/A/IDEFoundation
  Reason: image not found
git: error: unable to locate xcodebuild, please make sure the path to the Xcode folder is set correctly!
git: error: You can set the path to the Xcode folder using /usr/bin/xcode-select -switch

2017-05-11 14:56:11,341 [Thread-10] ERROR org.eclipse.jgit.util.FS - dyld: Library not loaded: @rpath/XCTest.framework/Versions/A/XCTest
  Referenced from: /Applications/Xcode-beta 2.app/Contents/Frameworks/IDEFoundation.framework/Versions/A/IDEFoundation
  Reason: image not found
git: error: unable to locate xcodebuild, please make sure the path to the Xcode folder is set correctly!
git: error: You can set the path to the Xcode folder using /usr/bin/xcode-select -switch

2017-05-11 14:58:18,292 [Worker-10] INFO  o.e.m.c.i.l.LifecycleMappingFactory - Using org.eclipse.m2e.jdt.JarLifecycleMapping lifecycle mapping for MavenProject: com.lxg:springboot-httpclient:1.0-SNAPSHOT @ /Users/mac/Documents/work/xiaolian/后台/java/springboot-httpclient-master/pom.xml.
2017-05-11 14:58:23,868 [Worker-10] INFO  o.e.m.j.i.AbstractJavaProjectConfigurator - Adding source folder /springboot-httpclient-master/src/main/java
2017-05-11 14:58:23,868 [Worker-10] INFO  o.e.m.j.i.AbstractJavaProjectConfigurator - Adding resource folder /springboot-httpclient-master/src/main/resources
2017-05-11 14:58:23,869 [Worker-10] INFO  o.e.m.j.i.AbstractJavaProjectConfigurator - Adding resource folder /springboot-httpclient-master/src/main/resources
2017-05-11 14:58:24,064 [Worker-10] INFO  o.e.m.j.i.AbstractJavaProjectConfigurator - Adding source folder /springboot-httpclient-master/src/test/java
2017-05-11 14:58:24,415 [Worker-10] INFO  o.e.m.c.i.p.ProjectConfigurationManager - Imported and configured 1 project(s) in 54 sec
2017-05-11 14:58:33,887 [Worker-14] INFO  o.e.m.c.i.embedder.EclipseLogger - Using 'UTF-8' encoding to copy filtered resources.
2017-05-11 14:58:33,914 [Worker-14] INFO  o.e.m.c.i.embedder.EclipseLogger - Copying 1 resource
2017-05-11 14:58:33,962 [Worker-14] INFO  o.e.m.c.i.embedder.EclipseLogger - Copying 0 resource
2017-05-11 14:58:33,966 [Worker-14] INFO  o.e.m.c.i.embedder.EclipseLogger - Using 'UTF-8' encoding to copy filtered resources.
2017-05-11 14:58:33,966 [Worker-14] INFO  o.e.m.c.i.embedder.EclipseLogger - skip non existing resourceDirectory /Users/mac/Documents/work/xiaolian/后台/java/springboot-httpclient-master/src/test/resources
